

/******************************************************************************************
* WriteStepFile diagnostics.
* Date:                           Thu Nov 19 12:09:14 2015 
* Produced by:                    The EXPRESS Data Manager Version 5.02.0100.07 : 28 Aug 2013
* Module:                         EDMstepFileFactory/EDMstandAlone
* Host:                           ideaPAD
* Database:                       C:\Users\Aliaksei\AppData\Local\Temp\{363D33D1-4691-42EF-997A-71FCFF3CF102}\ifc
* Database version:               5507
* Database creation date:         Thu Nov 19 12:09:07 2015
* Model:                          DataRepository.ifc
* Model creation date:            Thu Nov 19 12:09:08 2015
* Header model:                   DataRepository.ifc_HeaderModel
* Header model creation date:     Thu Nov 19 12:09:08 2015
* Step file:                      4.1 AHUheating_with_Space.ifc
* EDMuser:                        sdai-user
* EDMgroup:                       sdai-group
* License ID and type:            5605 : Permanent license. Expiry date: 
* EDMstepFileFactory options:     020000
******************************************************************************************/


------------------------------------------------------------------------------------------------
Operation terminated successfully.
------------------------------------------------------------------------------------------------

