

/******************************************************************************************
* WriteStepFile diagnostics.
* Date:                           Tue Aug 25 20:00:56 2015 
* Produced by:                    The EXPRESS Data Manager Version 5.02.0100.07 : 28 Aug 2013
* Module:                         EDMstepFileFactory/EDMstandAlone
* Host:                           ideaPAD
* Database:                       C:\Users\Aliaksei\AppData\Local\Temp\{8CFAB28F-3ABF-4E22-B449-A0F987EE65AA}\ifc
* Database version:               5507
* Database creation date:         Tue Aug 25 20:00:49 2015
* Model:                          DataRepository.ifc
* Model creation date:            Tue Aug 25 20:00:50 2015
* Header model:                   DataRepository.ifc_HeaderModel
* Header model creation date:     Tue Aug 25 20:00:50 2015
* Step file:                      4.1 AHUheating_VDI6020.ifc
* EDMuser:                        sdai-user
* EDMgroup:                       sdai-group
* License ID and type:            5605 : Permanent license. Expiry date: 
* EDMstepFileFactory options:     020000
******************************************************************************************/


------------------------------------------------------------------------------------------------
Operation terminated successfully.
------------------------------------------------------------------------------------------------

