

/******************************************************************************************
* WriteStepFile diagnostics.
* Date:                           Tue Aug 25 20:12:52 2015 
* Produced by:                    The EXPRESS Data Manager Version 5.02.0100.07 : 28 Aug 2013
* Module:                         EDMstepFileFactory/EDMstandAlone
* Host:                           ideaPAD
* Database:                       C:\Users\Aliaksei\AppData\Local\Temp\{78174E4B-CFDE-4D1C-9615-CF8C71F66006}\ifc
* Database version:               5507
* Database creation date:         Tue Aug 25 20:12:43 2015
* Model:                          DataRepository.ifc
* Model creation date:            Tue Aug 25 20:12:44 2015
* Header model:                   DataRepository.ifc_HeaderModel
* Header model creation date:     Tue Aug 25 20:12:44 2015
* Step file:                      2.2 HeatPumpFloorHeating.ifc
* EDMuser:                        sdai-user
* EDMgroup:                       sdai-group
* License ID and type:            5605 : Permanent license. Expiry date: 
* EDMstepFileFactory options:     020000
******************************************************************************************/


------------------------------------------------------------------------------------------------
Operation terminated successfully.
------------------------------------------------------------------------------------------------

