

/******************************************************************************************
* WriteStepFile diagnostics.
* Date:                           Mon Nov 16 15:19:10 2015 
* Produced by:                    The EXPRESS Data Manager Version 5.02.0100.07 : 28 Aug 2013
* Module:                         EDMstepFileFactory/EDMstandAlone
* Host:                           ideaPAD
* Database:                       C:\Users\Aliaksei\AppData\Local\Temp\{D4F061D0-1DCA-4F47-AD65-BD09FA0A36F9}\ifc
* Database version:               5507
* Database creation date:         Mon Nov 16 15:19:03 2015
* Model:                          DataRepository.ifc
* Model creation date:            Mon Nov 16 15:19:04 2015
* Header model:                   DataRepository.ifc_HeaderModel
* Header model creation date:     Mon Nov 16 15:19:04 2015
* Step file:                      1.1 BoilerGasRadiator_B.ifc
* EDMuser:                        sdai-user
* EDMgroup:                       sdai-group
* License ID and type:            5605 : Permanent license. Expiry date: 
* EDMstepFileFactory options:     020000
******************************************************************************************/


------------------------------------------------------------------------------------------------
Operation terminated successfully.
------------------------------------------------------------------------------------------------

