

/******************************************************************************************
* WriteStepFile diagnostics.
* Date:                           Wed Sep 02 22:33:46 2015 
* Produced by:                    The EXPRESS Data Manager Version 5.02.0100.07 : 28 Aug 2013
* Module:                         EDMstepFileFactory/EDMstandAlone
* Host:                           ideaPAD
* Database:                       C:\Users\Aliaksei\AppData\Local\Temp\{295E18EF-204E-4A79-9D13-70A790D42173}\ifc
* Database version:               5507
* Database creation date:         Wed Sep 02 22:33:39 2015
* Model:                          DataRepository.ifc
* Model creation date:            Wed Sep 02 22:33:40 2015
* Header model:                   DataRepository.ifc_HeaderModel
* Header model creation date:     Wed Sep 02 22:33:40 2015
* Step file:                      UseCase Architecture VDI 6020_2x4.ifc
* EDMuser:                        sdai-user
* EDMgroup:                       sdai-group
* License ID and type:            5605 : Permanent license. Expiry date: 
* EDMstepFileFactory options:     020000
******************************************************************************************/


------------------------------------------------------------------------------------------------
Operation terminated successfully.
------------------------------------------------------------------------------------------------

