

/******************************************************************************************
* WriteStepFile diagnostics.
* Date:                           Wed Sep 02 21:11:56 2015 
* Produced by:                    The EXPRESS Data Manager Version 5.02.0100.07 : 28 Aug 2013
* Module:                         EDMstepFileFactory/EDMstandAlone
* Host:                           ideaPAD
* Database:                       C:\Users\Aliaksei\AppData\Local\Temp\{837404A4-9AE8-48B4-AD19-8FDFDF0ED995}\ifc
* Database version:               5507
* Database creation date:         Wed Sep 02 21:11:51 2015
* Model:                          DataRepository.ifc
* Model creation date:            Wed Sep 02 21:11:52 2015
* Header model:                   DataRepository.ifc_HeaderModel
* Header model creation date:     Wed Sep 02 21:11:52 2015
* Step file:                      UseCase Architecture VDI 6020_2x3.ifc
* EDMuser:                        sdai-user
* EDMgroup:                       sdai-group
* License ID and type:            5605 : Permanent license. Expiry date: 
* EDMstepFileFactory options:     020000
******************************************************************************************/


------------------------------------------------------------------------------------------------
Operation terminated successfully.
------------------------------------------------------------------------------------------------

