

/******************************************************************************************
* WriteStepFile diagnostics.
* Date:                           Thu Nov 19 11:51:12 2015 
* Produced by:                    The EXPRESS Data Manager Version 5.02.0100.07 : 28 Aug 2013
* Module:                         EDMstepFileFactory/EDMstandAlone
* Host:                           ideaPAD
* Database:                       C:\Users\Aliaksei\AppData\Local\Temp\{4E80306D-4FF8-4DBC-842C-F3BF98FDE48B}\ifc
* Database version:               5507
* Database creation date:         Thu Nov 19 11:51:04 2015
* Model:                          DataRepository.ifc
* Model creation date:            Thu Nov 19 11:51:05 2015
* Header model:                   DataRepository.ifc_HeaderModel
* Header model creation date:     Thu Nov 19 11:51:05 2015
* Step file:                      2.1 HeatPumpRadiator_with_Space.ifc
* EDMuser:                        sdai-user
* EDMgroup:                       sdai-group
* License ID and type:            5605 : Permanent license. Expiry date: 
* EDMstepFileFactory options:     020000
******************************************************************************************/


------------------------------------------------------------------------------------------------
Operation terminated successfully.
------------------------------------------------------------------------------------------------

