

/******************************************************************************************
* WriteStepFile diagnostics.
* Date:                           Tue Aug 25 19:56:48 2015 
* Produced by:                    The EXPRESS Data Manager Version 5.02.0100.07 : 28 Aug 2013
* Module:                         EDMstepFileFactory/EDMstandAlone
* Host:                           ideaPAD
* Database:                       C:\Users\Aliaksei\AppData\Local\Temp\{710C23F9-2ECB-4BBA-88D4-3888E4FAA630}\ifc
* Database version:               5507
* Database creation date:         Tue Aug 25 19:56:42 2015
* Model:                          DataRepository.ifc
* Model creation date:            Tue Aug 25 19:56:43 2015
* Header model:                   DataRepository.ifc_HeaderModel
* Header model creation date:     Tue Aug 25 19:56:43 2015
* Step file:                      1.1 BoilerGasRadiator.ifc
* EDMuser:                        sdai-user
* EDMgroup:                       sdai-group
* License ID and type:            5605 : Permanent license. Expiry date: 
* EDMstepFileFactory options:     020000
******************************************************************************************/


------------------------------------------------------------------------------------------------
Operation terminated successfully.
------------------------------------------------------------------------------------------------

