

/******************************************************************************************
* WriteStepFile diagnostics.
* Date:                           Tue Aug 25 20:04:23 2015 
* Produced by:                    The EXPRESS Data Manager Version 5.02.0100.07 : 28 Aug 2013
* Module:                         EDMstepFileFactory/EDMstandAlone
* Host:                           ideaPAD
* Database:                       C:\Users\Aliaksei\AppData\Local\Temp\{B21EBDB1-6170-4BC8-A92C-465EEDE3D71D}\ifc
* Database version:               5507
* Database creation date:         Tue Aug 25 20:04:17 2015
* Model:                          DataRepository.ifc
* Model creation date:            Tue Aug 25 20:04:18 2015
* Header model:                   DataRepository.ifc_HeaderModel
* Header model creation date:     Tue Aug 25 20:04:18 2015
* Step file:                      4.2 AHUcooling.ifc
* EDMuser:                        sdai-user
* EDMgroup:                       sdai-group
* License ID and type:            5605 : Permanent license. Expiry date: 
* EDMstepFileFactory options:     020000
******************************************************************************************/


------------------------------------------------------------------------------------------------
Operation terminated successfully.
------------------------------------------------------------------------------------------------

