

/******************************************************************************************
* WriteStepFile diagnostics.
* Date:                           Tue Aug 25 19:53:18 2015 
* Produced by:                    The EXPRESS Data Manager Version 5.02.0100.07 : 28 Aug 2013
* Module:                         EDMstepFileFactory/EDMstandAlone
* Host:                           ideaPAD
* Database:                       C:\Users\Aliaksei\AppData\Local\Temp\{E284AD9C-508C-465B-85F8-6BFC98EE5C6F}\ifc
* Database version:               5507
* Database creation date:         Tue Aug 25 19:53:10 2015
* Model:                          DataRepository.ifc
* Model creation date:            Tue Aug 25 19:53:11 2015
* Header model:                   DataRepository.ifc_HeaderModel
* Header model creation date:     Tue Aug 25 19:53:11 2015
* Step file:                      1.2 BoilerGasRadiatorDomesticHotWater.ifc
* EDMuser:                        sdai-user
* EDMgroup:                       sdai-group
* License ID and type:            5605 : Permanent license. Expiry date: 
* EDMstepFileFactory options:     020000
******************************************************************************************/


------------------------------------------------------------------------------------------------
Operation terminated successfully.
------------------------------------------------------------------------------------------------

