

/******************************************************************************************
* WriteStepFile diagnostics.
* Date:                           Fri Nov 13 09:56:32 2015 
* Produced by:                    The EXPRESS Data Manager Version 5.02.0100.07 : 28 Aug 2013
* Module:                         EDMstepFileFactory/EDMstandAlone
* Host:                           ideaPAD
* Database:                       C:\Users\Aliaksei\AppData\Local\Temp\{FEC6E0BF-DEC7-407E-85CB-49850894AA48}\ifc
* Database version:               5507
* Database creation date:         Fri Nov 13 09:55:50 2015
* Model:                          DataRepository.ifc
* Model creation date:            Fri Nov 13 09:55:50 2015
* Header model:                   DataRepository.ifc_HeaderModel
* Header model creation date:     Fri Nov 13 09:55:50 2015
* Step file:                      UseCaseV_ARC_AAC.ifc
* EDMuser:                        sdai-user
* EDMgroup:                       sdai-group
* License ID and type:            5605 : Permanent license. Expiry date: 
* EDMstepFileFactory options:     020000
******************************************************************************************/


------------------------------------------------------------------------------------------------
Operation terminated successfully.
------------------------------------------------------------------------------------------------

