

/******************************************************************************************
* WriteStepFile diagnostics.
* Date:                           Thu Nov 19 12:24:14 2015 
* Produced by:                    The EXPRESS Data Manager Version 5.02.0100.07 : 28 Aug 2013
* Module:                         EDMstepFileFactory/EDMstandAlone
* Host:                           ideaPAD
* Database:                       C:\Users\Aliaksei\AppData\Local\Temp\{D8B104C3-8AB6-4A5A-A1A0-FD51B0872C2E}\ifc
* Database version:               5507
* Database creation date:         Thu Nov 19 12:24:07 2015
* Model:                          DataRepository.ifc
* Model creation date:            Thu Nov 19 12:24:08 2015
* Header model:                   DataRepository.ifc_HeaderModel
* Header model creation date:     Thu Nov 19 12:24:08 2015
* Step file:                      4.2 AHUcooling.ifc
* EDMuser:                        sdai-user
* EDMgroup:                       sdai-group
* License ID and type:            5605 : Permanent license. Expiry date: 
* EDMstepFileFactory options:     020000
******************************************************************************************/


------------------------------------------------------------------------------------------------
Operation terminated successfully.
------------------------------------------------------------------------------------------------

