

/******************************************************************************************
* WriteStepFile diagnostics.
* Date:                           Tue Aug 25 20:08:51 2015 
* Produced by:                    The EXPRESS Data Manager Version 5.02.0100.07 : 28 Aug 2013
* Module:                         EDMstepFileFactory/EDMstandAlone
* Host:                           ideaPAD
* Database:                       C:\Users\Aliaksei\AppData\Local\Temp\{03169E51-94DF-4A89-A596-C4EDE51EE598}\ifc
* Database version:               5507
* Database creation date:         Tue Aug 25 20:08:44 2015
* Model:                          DataRepository.ifc
* Model creation date:            Tue Aug 25 20:08:45 2015
* Header model:                   DataRepository.ifc_HeaderModel
* Header model creation date:     Tue Aug 25 20:08:45 2015
* Step file:                      2.1 HeatPumpRadiator.ifc
* EDMuser:                        sdai-user
* EDMgroup:                       sdai-group
* License ID and type:            5605 : Permanent license. Expiry date: 
* EDMstepFileFactory options:     020000
******************************************************************************************/


------------------------------------------------------------------------------------------------
Operation terminated successfully.
------------------------------------------------------------------------------------------------

