

/******************************************************************************************
* WriteStepFile diagnostics.
* Date:                           Thu Nov 19 11:07:42 2015 
* Produced by:                    The EXPRESS Data Manager Version 5.02.0100.07 : 28 Aug 2013
* Module:                         EDMstepFileFactory/EDMstandAlone
* Host:                           ideaPAD
* Database:                       C:\Users\Aliaksei\AppData\Local\Temp\{5FA06D6C-F584-43D2-AC89-24A81AF93E02}\ifc
* Database version:               5507
* Database creation date:         Thu Nov 19 11:07:34 2015
* Model:                          DataRepository.ifc
* Model creation date:            Thu Nov 19 11:07:35 2015
* Header model:                   DataRepository.ifc_HeaderModel
* Header model creation date:     Thu Nov 19 11:07:35 2015
* Step file:                      1.2 BoilerGasRadiatorDomesticHotWater_with_Space.ifc
* EDMuser:                        sdai-user
* EDMgroup:                       sdai-group
* License ID and type:            5605 : Permanent license. Expiry date: 
* EDMstepFileFactory options:     020000
******************************************************************************************/


------------------------------------------------------------------------------------------------
Operation terminated successfully.
------------------------------------------------------------------------------------------------

